Jeu initialisé avec succès
Jeu initialisé avec succès
Jeu initialisé avec succès
Jeu initialisé avec succès
Jeu initialisé avec succès
Jeu initialisé avec succès
Jeu initialisé avec succès
Jeu initialisé avec succès
Deplacement gauche (clavier)
Deplacement gauche (clavier)
Deplacement droite (clavier)
Deplacement droite (clavier)
Deplacement droite (clavier)
Deplacement droite (clavier)
Deplacement droite (clavier)
Deplacement droite (clavier)
Deplacement droite (clavier)
Deplacement droite (clavier)
Deplacement droite (clavier)
Deplacement droite (clavier)
Deplacement droite (clavier)
Deplacement droite (clavier)
Deplacement droite (clavier)
Deplacement droite (clavier)
Deplacement haut (clavier)
Deplacement haut (clavier)
Deplacement haut (clavier)
Deplacement haut (clavier)
Deplacement haut (clavier)
Deplacement haut (clavier)
Deplacement haut (clavier)
Deplacement haut (clavier)
Deplacement haut (clavier)
Deplacement haut (clavier)
Deplacement haut (clavier)
Deplacement haut (clavier)
Deplacement haut (clavier)
Deplacement haut (clavier)
Deplacement bas (clavier)
Deplacement bas (clavier)
Deplacement bas (clavier)
Deplacement bas (clavier)
Deplacement bas (clavier)
Deplacement bas (clavier)
Deplacement bas (clavier)
Deplacement bas (clavier)
Deplacement bas (clavier)
Deplacement bas (clavier)
Deplacement bas (clavier)
Deplacement bas (clavier)
Deplacement bas (clavier)
Deplacement bas (clavier)
Deplacement bas (clavier)
Deplacement bas (clavier)
Deplacement bas (clavier)
Deplacement bas (clavier)
Deplacement bas (clavier)
Deplacement bas (clavier)
Deplacement bas (clavier)
Deplacement droite (clavier)
Deplacement droite (clavier)
Deplacement droite (clavier)
Deplacement droite (clavier)
Deplacement droite (clavier)
Deplacement droite (clavier)
Deplacement droite (clavier)
Deplacement droite (clavier)
Deplacement droite (clavier)
Deplacement gauche (clavier)
Deplacement gauche (clavier)
Deplacement gauche (clavier)
Deplacement gauche (clavier)
Deplacement gauche (clavier)
Deplacement gauche (clavier)
Deplacement gauche (clavier)
Deplacement gauche (clavier)
Deplacement gauche (clavier)
Deplacement gauche (clavier)
Deplacement gauche (clavier)
Deplacement gauche (clavier)
Deplacement haut (clavier)
Deplacement bas (clavier)
Deplacement haut (clavier)
Deplacement haut (clavier)
Deplacement haut (clavier)
Deplacement haut (clavier)
Deplacement haut (clavier)
Deplacement haut (clavier)
Deplacement haut (clavier)
Deplacement haut (clavier)
Deplacement haut (clavier)
Deplacement haut (clavier)
Deplacement haut (clavier)
Deplacement haut (clavier)
Deplacement gauche (clavier)
Deplacement droite (clavier)
Deplacement gauche (clavier)
Deplacement bas (clavier)
Deplacement droite (clavier)
Deplacement bas (clavier)
Deplacement gauche (clavier)
Deplacement droite (clavier)
Deplacement haut (clavier)
Deplacement gauche (clavier)
Deplacement bas (clavier)
Deplacement bas (clavier)
Deplacement bas (clavier)
Deplacement bas (clavier)
Deplacement bas (clavier)
Deplacement bas (clavier)
Deplacement bas (clavier)
Deplacement bas (clavier)
Deplacement bas (clavier)
Deplacement bas (clavier)
Deplacement bas (clavier)
Deplacement bas (clavier)
Deplacement bas (clavier)
Deplacement bas (clavier)
Deplacement bas (clavier)
Deplacement bas (clavier)
Deplacement gauche (clavier)
Deplacement gauche (clavier)
Deplacement gauche (clavier)
